Start testing: Jun 11 01:23 CEST
----------------------------------------------------------
1/1 Testing: smoke_test
1/1 Test: smoke_test
Command: "/Users/ntilau/WR/dep/src/armadillo-14.4.3/tests1/smoke_test"
Directory: /Users/ntilau/WR/dep/src/armadillo-14.4.3/tests1
"smoke_test" start time: Jun 11 01:23 CEST
Output:
----------------------------------------------------------
*** smoke test start
A:
    1.2505    6.0000   11.0000   16.0000   21.0000
    2.0000    7.7107   12.0000   17.0000   22.0000
    3.0000    8.0000   13.9467   18.0000   23.0000
    4.0000    9.0000   14.0000   19.0193   24.0000
    5.0000   10.0000   15.0000   20.0000   25.4049
B:
   4.3556e+28   1.0269e+29   1.6208e+29   2.1816e+29   2.7796e+29
   4.7590e+28   1.1220e+29   1.7710e+29   2.3836e+29   3.0370e+29
   5.1509e+28   1.2144e+29   1.9168e+29   2.5799e+29   3.2871e+29
   5.4520e+28   1.2854e+29   2.0288e+29   2.7307e+29   3.4793e+29
   5.8551e+28   1.3804e+29   2.1788e+29   2.9326e+29   3.7365e+29
*** smoke test okay
<end of output>
Test time =   3.97 sec
----------------------------------------------------------
Test Passed.
"smoke_test" end time: Jun 11 01:23 CEST
"smoke_test" time elapsed: 00:00:03
----------------------------------------------------------

End testing: Jun 11 01:23 CEST
